This is LuaTeX, Version 1.12.0 (TeX Live 2020/Arch Linux)  (format=dvilualatex 2021.1.7)  14 JAN 2021 16:58
 restricted system commands enabled.
**\makeatletter\def\HCode{\futurelet\HCode\HChar}\def\HChar{\ifx"\HCode\def\HCode"##1"{\Link##1}\expandafter\HCode\else\expandafter\Link\fi}\def\Link#1.a.b.c.{\g@addto@macro\@documentclasshook{\RequirePackage[#1,html]{tex4ht}}\let\HCode\documentstyle\def\documentstyle{\let\documentstyle\HCode\expandafter\def\csname tex4ht\endcsname{#1,html}\def\HCode####1{\documentstyle[tex4ht,}\@ifnextchar[{\HCode}{\documentstyle[tex4ht]}}}\makeatother\HCode ./tex4ht/config.cfg,,charset=utf-8,html5.a.b.c.\input "\detokenize{index}"
Lua module: luaotfload-main 2020-09-02 3.15 luaotfload entry point
Lua module: luaotfload-init 2020-09-02 3.15 luaotfload submodule / initialization
Lua module: lualibs 2020-08-31 2.72 ConTeXt Lua standard libraries.
Lua module: lualibs-extended 2020-08-31 2.72 ConTeXt Lua libraries -- extended collection.
Lua module: luaotfload-log 2020-09-02 3.15 luaotfload submodule / logging
Lua module: luaotfload-parsers 2020-09-02 3.15 luaotfload submodule / parsers
Lua module: luaotfload-configuration 2020-09-02 3.15 luaotfload submodule / config file reader
luaotfload | conf : Root cache directory is "/home/hirad/.texlive/texmf-var/luatex-cache/generic/names".
luaotfload | init : Loading fontloader "fontloader-2020-08-31.lua" from kpse-resolved path "/usr/share/texmf-dist/tex/luatex/luaotfload/fontloader-2020-08-31.lua".
Lua-only attribute luaotfload@noligature = 1
Lua-only attribute luaotfload@syllabe = 2
luaotfload | init : Context OpenType loader version 0x1.8e353f7ced917p+1
Lua module: luaotfload-fallback 2020-09-02 3.15 luaotfload submodule / fallback
Lua module: luaotfload-multiscript 2020-09-02 3.15 luaotfload submodule / multiscript
Lua module: luaotfload-script 2020-09-02 3.15 luaotfload submodule / Script helpers
Inserting `luaotfload.node_processor' at position 1 in `pre_linebreak_filter'.
Inserting `luaotfload.node_processor' at position 1 in `hpack_filter'.
Inserting `luaotfload.glyph_stream' at position 1 in `glyph_stream_provider'.
Lua module: luaotfload-loaders 2020-09-02 3.15 luaotfload submodule / callback handling
Inserting `luaotfload.define_font' at position 1 in `define_font'.
Lua module: luaotfload-database 2020-09-02 3.15 luaotfload submodule / database
Lua module: luaotfload-unicode 2020-09-02 3.15 luaotfload submodule / Unicode helpers
Lua module: luaotfload-colors 2020-09-02 3.15 luaotfload submodule / color
Lua-only attribute luaotfload_color_attribute = 3
Lua module: luaotfload-resolvers 2020-09-02 3.15 luaotfload submodule / resolvers
luaotfload | conf : Root cache directory is "/home/hirad/.texlive/texmf-var/luatex-cache/generic/names".
Lua module: luaotfload-features 2020-09-02 3.15 luaotfload submodule / features
Lua module: luaotfload-letterspace 2020-09-02 3.15 luaotfload submodule / letterspacing
Lua module: luaotfload-embolden 2020-09-02 3.15 luaotfload submodule / embolden
Lua module: luaotfload-notdef 2020-09-02 3.15 luaotfload submodule / notdef
Lua module: luaotfload-suppress 2020-09-02 3.15 luaotfload submodule / suppress
Lua module: luaotfload-szss 2020-09-02 3.15 luaotfload submodule / Special feature handling
Lua module: luaotfload-auxiliary 2020-09-02 3.15 luaotfload submodule / auxiliary functions
Inserting `luaotfload.aux.set_sscale_dimens' at position 1 in `luaotfload.patch_font'.
Inserting `luaotfload.aux.set_font_index' at position 2 in `luaotfload.patch_font'.
Inserting `luaotfload.aux.patch_cambria_domh' at position 3 in `luaotfload.patch_font'.
Inserting `luaotfload.aux.fixup_fontdata' at position 1 in `luaotfload.patch_font_unsafe'.
Inserting `luaotfload.aux.set_capheight' at position 4 in `luaotfload.patch_font'.
Inserting `luaotfload.aux.set_xheight' at position 5 in `luaotfload.patch_font'.
Lua module: luaotfload-tounicode 2020-09-02 3.15 luaotfload submodule / tounicode
Lua module: luaotfload-dvi 2020-09-02 3.15 luaotfload submodule / DVI
Inserting `luaotfload.rewrite_fontname' at position 6 in `luaotfload.patch_font'.
(./index.tex (./style/style.tex (/usr/share/texmf-dist/tex/latex/base/article.cls
Document Class: article 2020/04/10 v1.4m Standard LaTeX document class
(/usr/share/texmf-dist/tex/latex/base/size10.clo
File: size10.clo 2020/04/10 v1.4m Standard LaTeX file (size option)
luaotfload | db : Font names database loaded from /home/hirad/.texlive/texmf-var/luatex-cache/generic/names/luaotfload-names.luc)
\c@part=\count173
\c@section=\count174
\c@subsection=\count175
\c@subsubsection=\count176
\c@paragraph=\count177
\c@subparagraph=\count178
\c@figure=\count179
\c@table=\count180
\abovecaptionskip=\skip47
\belowcaptionskip=\skip48
\bibindent=\dimen138
) (/usr/share/texmf-dist/tex/generic/tex4ht/tex4ht.sty
version 2020-10-16-13:47
Package: tex4ht 
--------------------------------------
--- Note --- for _ at preamble, use the command line option `early_'
--------------------------------------
--------------------------------------
--- Note --- for ^ at preamble, use the command line option `early^'
--------------------------------------
\tmp:toks=\toks15
) (/usr/share/texmf-dist/tex/generic/tex4ht/usepackage.4ht
version 2020-10-17-13:53
) (/usr/share/texmf-dist/tex/latex/geometry/geometry.sty
Package: geometry 2020/01/02 v5.9 Page Geometry
(/usr/share/texmf-dist/tex/latex/graphics/keyval.sty
Package: keyval 2014/10/28 v1.15 key=value parser (DPC)
\KV@toks@=\toks16
) (/usr/share/texmf-dist/tex/generic/iftex/ifvtex.sty
Package: ifvtex 2019/10/25 v1.7 ifvtex legacy package. Use iftex instead.
(/usr/share/texmf-dist/tex/generic/iftex/iftex.sty
Package: iftex 2020/03/06 v1.0d TeX engine tests
))
\Gm@cnth=\count181
\Gm@cntv=\count182
\c@Gm@tempcnt=\count183
\Gm@bindingoffset=\dimen139
\Gm@wd@mp=\dimen140
\Gm@odd@mp=\dimen141
\Gm@even@mp=\dimen142
\Gm@layoutwidth=\dimen143
\Gm@layoutheight=\dimen144
\Gm@layouthoffset=\dimen145
\Gm@layoutvoffset=\dimen146
\Gm@dimlist=\toks17
) (/usr/share/texmf-dist/tex/latex/tools/tabularx.sty
Package: tabularx 2020/01/15 v2.11c `tabularx' package (DPC)
(/usr/share/texmf-dist/tex/latex/tools/array.sty
Package: array 2020/10/01 v2.5c Tabular extension package (FMi)
\col@sep=\dimen147
\ar@mcellbox=\box47
\extrarowheight=\dimen148
\NC@list=\toks18
\extratabsurround=\skip49
\backup@length=\skip50
\ar@cellbox=\box48
)
\TX@col@width=\dimen149
\TX@old@table=\dimen150
\TX@old@col=\dimen151
\TX@target=\dimen152
\TX@delta=\dimen153
\TX@cols=\count184
\TX@ftn=\toks19
) (/usr/share/texmf-dist/tex/latex/multirow/multirow.sty
Package: multirow 2019/05/31 v2.5 Span multiple rows of a table
\multirow@colwidth=\skip51
\multirow@cntb=\count185
\multirow@dima=\skip52
\bigstrutjot=\dimen154
) (/usr/share/texmf-dist/tex/latex/tools/longtable.sty
Package: longtable 2020/01/07 v4.13 Multi-page Table package (DPC)
\LTleft=\skip53
\LTright=\skip54
\LTpre=\skip55
\LTpost=\skip56
\LTchunksize=\count186
\LTcapwidth=\dimen155
\LT@head=\box49
\LT@firsthead=\box50
\LT@foot=\box51
\LT@lastfoot=\box52
\LT@cols=\count187
\LT@rows=\count188
\c@LT@tables=\count189
\c@LT@chunks=\count190
\LT@p@ftn=\toks20
) (/usr/share/texmf-dist/tex/latex/booktabs/booktabs.sty
Package: booktabs 2020/01/12 v1.61803398 Publication quality tables
\heavyrulewidth=\dimen156
\lightrulewidth=\dimen157
\cmidrulewidth=\dimen158
\belowrulesep=\dimen159
\belowbottomsep=\dimen160
\aboverulesep=\dimen161
\abovetopsep=\dimen162
\cmidrulesep=\dimen163
\cmidrulekern=\dimen164
\defaultaddspace=\dimen165
\@cmidla=\count191
\@cmidlb=\count192
\@aboverulesep=\dimen166
\@belowrulesep=\dimen167
\@thisruleclass=\count193
\@lastruleclass=\count194
\@thisrulewidth=\dimen168
) (/usr/share/texmf-dist/tex/latex/currfile/currfile.sty
Package: currfile 2020/09/29 v0.7d Provides the file path elements of the current input file
(/usr/share/texmf-dist/tex/latex/kvoptions/kvoptions.sty
Package: kvoptions 2020-10-07 v3.14 Key value format for package options (HO)
(/usr/share/texmf-dist/tex/generic/ltxcmds/ltxcmds.sty
Package: ltxcmds 2020-05-10 v1.25 LaTeX kernel commands for general use (HO)
) (/usr/share/texmf-dist/tex/generic/kvsetkeys/kvsetkeys.sty
Package: kvsetkeys 2019/12/15 v1.18 Key value parser (HO)
)) (/usr/share/texmf-dist/tex/latex/filehook/filehook.sty
Package: filehook 2020/09/29 v0.8a Hooks for input files
(/usr/share/texmf-dist/tex/latex/filehook/filehook-2020.sty
Package: filehook-2020 2020/09/29 v0.8a Hooks for input files
)) (/usr/share/texmf-dist/tex/latex/currfile/currfile-abspath.sty
Package: currfile-abspath 2020/09/29 v0.7d Provides absolute file paths, the parent working directory and the main file name
)
\c@currfiledepth=\count195
) (/usr/share/texmf-dist/tex/generic/soul/soul.sty
Package: soul 2003/11/17 v2.4 letterspacing/underlining (mf)
\SOUL@word=\toks21
\SOUL@lasttoken=\toks22
\SOUL@cmds=\toks23
\SOUL@buffer=\toks24
\SOUL@token=\toks25
\SOUL@spaceskip=\skip57
\SOUL@ttwidth=\dimen169
\SOUL@uldp=\dimen170
\SOUL@ulht=\dimen171
) (/usr/share/texmf-dist/tex/latex/base/fontenc.sty
Package: fontenc 2020/08/10 v2.0s Standard LaTeX package
LaTeX Font Info:    Trying to load font information for T1+lmr on input line 112.
(/usr/share/texmf-dist/tex/latex/lm/t1lmr.fd
File: t1lmr.fd 2009/10/30 v1.6 Font defs for Latin Modern
)) (/usr/share/texmf-dist/tex/generic/tex4ht/fontspec-hooks.4ht
version 2020-10-17-13:53
(/usr/share/texmf-dist/tex/generic/tex4ht/usepackage-fontspec.4ht
version 2020-09-02-14:24
)) (/usr/share/texmf-dist/tex/latex/fontspec/fontspec.sty (/usr/share/texmf-dist/tex/latex/l3packages/xparse/xparse.sty (/usr/share/texmf-dist/tex/generic/tex4ht/expl3-hooks.4ht
version 2020-10-17-13:53
) (/usr/share/texmf-dist/tex/latex/l3kernel/expl3.sty
Package: expl3 2020-12-03 L3 programming layer (loader) 
(/usr/share/texmf-dist/tex/latex/l3backend/l3backend-dvips.def
File: l3backend-dvips.def 2020-09-24 L3 backend support: dvips
\l__pdf_internal_box=\box53
\g__pdf_backend_object_int=\count196
\l__pdf_backend_content_box=\box54
\l__pdf_backend_model_box=\box55
\g__pdf_backend_annotation_int=\count197
\g__pdf_backend_link_int=\count198
\g__pdf_backend_link_sf_int=\count199
))
Package: xparse 2020-10-27 L3 Experimental document command parser
(/usr/share/texmf-dist/tex/latex/l3packages/xparse/xparse-generic.tex))
Package: fontspec 2020/02/21 v2.7i Font selection for XeLaTeX and LuaLaTeX
Lua module: fontspec 2020/02/21 2.7i Font selection for XeLaTeX and LuaLaTeX (/usr/share/texmf-dist/tex/latex/fontspec/fontspec-luatex.sty
Package: fontspec-luatex 2020/02/21 v2.7i Font selection for XeLaTeX and LuaLaTeX
\l__fontspec_script_int=\count266
\l__fontspec_language_int=\count267
\l__fontspec_strnum_int=\count268
\l__fontspec_tmp_int=\count269
\l__fontspec_tmpa_int=\count270
\l__fontspec_tmpb_int=\count271
\l__fontspec_tmpc_int=\count272
\l__fontspec_em_int=\count273
\l__fontspec_emdef_int=\count274
\l__fontspec_strong_int=\count275
\l__fontspec_strongdef_int=\count276
\l__fontspec_tmpa_dim=\dimen172
\l__fontspec_tmpb_dim=\dimen173
\l__fontspec_tmpc_dim=\dimen174
(/usr/share/texmf-dist/tex/latex/base/fontenc.sty
Package: fontenc 2020/08/10 v2.0s Standard LaTeX package
) (/usr/share/texmf-dist/tex/latex/fontspec/fontspec.cfg))) (./style/mycommands.sty

LaTeX Warning: You have requested package `./style/mycommands',
               but the package provides `mycommands'.

Package: mycommands 
(/usr/share/texmf-dist/tex/latex/psnfss/pifont.sty
Package: pifont 2020/03/25 PSNFSS-v9.3 Pi font support (SPQR) 
LaTeX Font Info:    Trying to load font information for U+pzd on input line 63.
(/usr/share/texmf-dist/tex/latex/psnfss/upzd.fd
File: upzd.fd 2001/06/04 font definitions for U/pzd.
)
LaTeX Font Info:    Trying to load font information for U+psy on input line 64.
(/usr/share/texmf-dist/tex/latex/psnfss/upsy.fd
File: upsy.fd 2001/06/04 font definitions for U/psy.
)) (/usr/share/texmf-dist/tex/latex/base/ifthen.sty
Package: ifthen 2014/09/29 v1.1c Standard LaTeX ifthen package (DPC)
) (/usr/share/texmf-dist/tex/latex/etoolbox/etoolbox.sty
Package: etoolbox 2020/10/05 v2.5k e-TeX tools for LaTeX (JAW)
\etb@tempcnta=\count277
)
\c@discexercise=\count278
\c@discchallenge=\count279
\c@discreading=\count280
\c@discproject=\count281
) (/usr/share/texmf-dist/tex/latex/base/inputenc.sty
Package: inputenc 2020/08/01 v1.3d Input encoding file
\inpenc@prehook=\toks26
\inpenc@posthook=\toks27

Package inputenc Warning: inputenc package ignored with utf8 based engines.

) (/usr/share/texmf-dist/tex/latex/base/textcomp.sty
Package: textcomp 2020/02/02 v2.0n Standard LaTeX package
) (/usr/share/texmf-dist/tex/latex/parskip/parskip.sty
Package: parskip 2020-06-15 v2.0f non-zero parskip adjustments
) (/usr/share/texmf-dist/tex/latex/enumitem/enumitem.sty
Package: enumitem 2019/06/20 v3.9 Customized lists
\labelindent=\skip58
\enit@outerparindent=\dimen175
\enit@toks=\toks28
\enit@inbox=\box56
\enit@count@id=\count282
\enitdp@description=\count283
) (/usr/share/texmf-dist/tex/latex/graphics/graphicx.sty
Package: graphicx 2020/09/09 v1.2b Enhanced LaTeX Graphics (DPC,SPQR)
(/usr/share/texmf-dist/tex/generic/tex4ht/graphics-hooks.4ht
version 2020-10-17-13:53
) (/usr/share/texmf-dist/tex/latex/graphics/graphics.sty
Package: graphics 2020/08/30 v1.4c Standard LaTeX Graphics (DPC,SPQR)
(/usr/share/texmf-dist/tex/latex/graphics/trig.sty
Package: trig 2016/01/03 v1.10 sin cos tan (DPC)
) (/usr/share/texmf-dist/tex/latex/graphics-cfg/graphics.cfg
File: graphics.cfg 2016/06/04 v1.11 sample graphics configuration
)
Package graphics Info: Driver file: dvips.def on input line 105.
(/usr/share/texmf-dist/tex/latex/graphics-def/dvips.def
File: dvips.def 2017/06/20 v3.1d Graphics/color driver for dvips
))
\Gin@req@height=\dimen176
\Gin@req@width=\dimen177
) (/usr/share/texmf-dist/tex/generic/tex4ht/xcolor-hooks.4ht
version 2020-10-17-13:53
) (/usr/share/texmf-dist/tex/latex/xcolor/xcolor.sty
Package: xcolor 2016/05/11 v2.12 LaTeX color extensions (UK)
(/usr/share/texmf-dist/tex/latex/graphics-cfg/color.cfg
File: color.cfg 2016/01/02 v1.6 sample color configuration
)
Package xcolor Info: Driver file: dvips.def on input line 225.
Package xcolor Info: Model `cmy' substituted by `cmy0' on input line 1348.
Package xcolor Info: Model `RGB' extended on input line 1364.
Package xcolor Info: Model `HTML' substituted by `rgb' on input line 1366.
Package xcolor Info: Model `Hsb' substituted by `hsb' on input line 1367.
Package xcolor Info: Model `tHsb' substituted by `hsb' on input line 1368.
Package xcolor Info: Model `HSB' substituted by `hsb' on input line 1369.
Package xcolor Info: Model `Gray' substituted by `gray' on input line 1370.
Package xcolor Info: Model `wave' substituted by `hsb' on input line 1371.
) (/usr/share/texmf-dist/tex/latex/sectsty/sectsty.sty
Package: sectsty 2002/02/25 v2.0.2 Commands to change all sectional heading styles

LaTeX Warning: Command \underbar  has changed.
               Check if current package is valid.


LaTeX Warning: Command \underline  has changed.
               Check if current package is valid.

) (/usr/share/texmf-dist/tex/latex/xurl/xurl.sty
Package: xurl 2020/01/24 v 0.09 modify URL breaks
(/usr/share/texmf-dist/tex/latex/url/url.sty
\Urlmuskip=\muskip16
Package: url 2013/09/16  ver 3.4  Verb mode for urls, etc.
)) (/usr/share/texmf-dist/tex/latex/bookmark/bookmark.sty
Package: bookmark 2020-11-06 v1.29 PDF bookmarks (HO)
(/usr/share/texmf-dist/tex/latex/hyperref/hyperref.sty
Package: hyperref 2020-05-15 v7.00e Hypertext links for LaTeX
(/usr/share/texmf-dist/tex/generic/pdftexcmds/pdftexcmds.sty
Package: pdftexcmds 2020-06-27 v0.33 Utility functions of pdfTeX for LuaTeX (HO)
(/usr/share/texmf-dist/tex/generic/infwarerr/infwarerr.sty
Package: infwarerr 2019/12/03 v1.5 Providing info/warning/error messages (HO)
)
Package pdftexcmds Info: \pdf@primitive is available.
Package pdftexcmds Info: \pdf@ifprimitive is available.
Package pdftexcmds Info: \pdfdraftmode is ignored in DVI mode.
\pdftexcmds@toks=\toks29
) (/usr/share/texmf-dist/tex/generic/kvdefinekeys/kvdefinekeys.sty
Package: kvdefinekeys 2019-12-19 v1.6 Define keys (HO)
) (/usr/share/texmf-dist/tex/generic/pdfescape/pdfescape.sty
Package: pdfescape 2019/12/09 v1.15 Implements pdfTeX's escape features (HO)
) (/usr/share/texmf-dist/tex/latex/hycolor/hycolor.sty
Package: hycolor 2020-01-27 v1.10 Color options for hyperref/bookmark (HO)
) (/usr/share/texmf-dist/tex/latex/letltxmacro/letltxmacro.sty
Package: letltxmacro 2019/12/03 v1.6 Let assignment for LaTeX macros (HO)
) (/usr/share/texmf-dist/tex/latex/auxhook/auxhook.sty
Package: auxhook 2019-12-17 v1.6 Hooks for auxiliary files (HO)

Package auxhook Warning: Cannot patch \document,
(auxhook)                using \AtBeginDocument instead.

)
\@linkdim=\dimen178
\Hy@linkcounter=\count284
\Hy@pagecounter=\count285
(/usr/share/texmf-dist/tex/latex/hyperref/pd1enc.def
File: pd1enc.def 2020-05-15 v7.00e Hyperref: PDFDocEncoding definition (HO)
) (/usr/share/texmf-dist/tex/generic/intcalc/intcalc.sty
Package: intcalc 2019/12/15 v1.3 Expandable calculations with integers (HO)
) (/usr/share/texmf-dist/tex/generic/etexcmds/etexcmds.sty
Package: etexcmds 2019/12/15 v1.7 Avoid name clashes with e-TeX commands (HO)
)
\Hy@SavedSpaceFactor=\count286
Package hyperref Info: Option `colorlinks' set `true' on input line 4338.
Package hyperref Info: Hyper figures OFF on input line 4464.
Package hyperref Info: Link nesting OFF on input line 4469.
Package hyperref Info: Hyper index ON on input line 4472.
Package hyperref Info: Plain pages OFF on input line 4479.
Package hyperref Info: Backreferencing OFF on input line 4484.
Package hyperref Info: Implicit mode ON; LaTeX internals redefined.
Package hyperref Info: Bookmarks ON on input line 4717.
\c@Hy@tempcnt=\count287
LaTeX Info: Redefining \url on input line 5076.
\XeTeXLinkMargin=\dimen179
(/usr/share/texmf-dist/tex/generic/bitset/bitset.sty
Package: bitset 2019/12/09 v1.3 Handle bit-vector datatype (HO)
(/usr/share/texmf-dist/tex/generic/bigintcalc/bigintcalc.sty
Package: bigintcalc 2019/12/15 v1.5 Expandable calculations on big integers (HO)
))
\Fld@menulength=\count288
\Field@Width=\dimen180
\Fld@charsize=\dimen181
\Field@toks=\toks30
Package hyperref Info: Hyper figures OFF on input line 6347.
Package hyperref Info: Link nesting OFF on input line 6352.
Package hyperref Info: Hyper index ON on input line 6355.
Package hyperref Info: backreferencing OFF on input line 6362.
Package hyperref Info: Link coloring ON on input line 6365.
Package hyperref Info: Link coloring with OCG OFF on input line 6372.
Package hyperref Info: PDF/A mode OFF on input line 6377.
LaTeX Info: Redefining \ref on input line 6417.
LaTeX Info: Redefining \pageref on input line 6421.
(/usr/share/texmf-dist/tex/latex/base/atbegshi-ltx.sty
Package: atbegshi-ltx 2020/08/17 v1.0a Emulation of the original atbegshi package
with kernel methods
)
\Hy@abspage=\count289

Package hyperref Message: Stopped early.

)
Package hyperref Info: Driver: htex4ht.
(/usr/share/texmf-dist/tex/latex/hyperref/htex4ht.def
File: htex4ht.def 2020-05-15 v7.00e Hyperref driver for TeX4ht
Package hyperref Info: tex4ht is already loaded.
) (/usr/share/texmf-dist/tex/latex/bookmark/bkm-dvips.def
File: bkm-dvips.def 2020-11-06 v1.29 bookmark driver for dvips (HO)
\BKM@id=\count290
)) (/usr/share/texmf-dist/tex/generic/tex4ht/xcolor-hooks.4ht
version 2020-10-17-13:53
)
Package hyperref Info: Option `colorlinks' set `true' on input line 62.
(/usr/share/texmf-dist/tex/generic/ulem/ulem.sty
\UL@box=\box57
\UL@hyphenbox=\box58
\UL@skip=\skip59
\UL@hook=\toks31
\UL@height=\dimen182
\UL@pe=\count291
\UL@pixel=\dimen183
\ULC@box=\box59
Package: ulem 2019/11/18
\ULdepth=\dimen184
) (/usr/share/texmf-dist/tex/latex/subfiles/subfiles.sty
Package: subfiles 2020/11/14 v2.2 Multi-file projects (package)
(/usr/share/texmf-dist/tex/latex/import/import.sty
Package: import 2020/04/01  v 6.2
))
\weeksLength=\skip60
\programLength=\skip61
) (./course-info.tex) (./tex4ht/config.cfg (./tex4ht/tools.sty) (/usr/share/texmf-dist/tex/generic/tex4ht/tex4ht.4ht
version 2020-03-12-14:03
--------------------------------------
--- Note --- for additional information, use the command line option `info'
--------------------------------------
::::::::::::::::::::::::::::::::::::::::::
 TeX4ht info is available in the log file 
::::::::::::::::::::::::::::::::::::::::::
) (/usr/share/texmf-dist/tex/generic/tex4ht/tex4ht.sty
version 2020-10-16-13:47
--- needs --- tex4ht index ---
\tmp:cnt=\count292

\openout15 = index.tmp
(./index.tmp)
\tmp:dim=\skip62
(./index.xref)
\:refout=\write3

\openout3 = index.xref
(/usr/share/texmf-dist/tex/generic/tex4ht/html4.4ht
version 2020-11-27-15:09
--------------------------------------
--- Note --- to remove the <?xml version=...?> processing instruction use the command line option `no-VERSION'
--------------------------------------
--------------------------------------
--- Note --- to remove the DOCTYPE declaration use the command line option `no-DOCTYPE'
--------------------------------------
) (/usr/share/texmf-dist/tex/generic/tex4ht/unicode.4ht
version 2020-09-18-15:30
) (/usr/share/texmf-dist/tex/generic/tex4ht/html4-math.4ht
version 2020-11-09-14:28
) (/usr/share/texmf-dist/tex/generic/tex4ht/html5.4ht
version 2020-04-13-14:20
)
--------------------------------------
--- Note --- for marking of the base font, use the command line option `fonts+'
--------------------------------------
--------------------------------------
--- Note --- for non active _, use the command line option `no_'
--------------------------------------
--------------------------------------
--- Note --- for _ of catcode 13, use the command line option `_13'
--------------------------------------
--------------------------------------
--- Note --- for non active ^, use the command line option `no^'
--------------------------------------
--------------------------------------
--- Note --- for ^ of catcode 13, use the command line option `^13'
--------------------------------------
(/usr/share/texmf-dist/tex/generic/tex4ht/html4.4ht
version 2020-11-27-15:09
--------------------------------------
--- Note --- For section filenames that reflect on their titles use the command line option `sec-filename'
--------------------------------------
--------------------------------------
--- Note --- for jpg bitmaps of pictures, use the `jpg' command line option. (Character bitmaps are controled only by `g' records of tex4ht.env and `-g' switches of tex4ht.c) 
--------------------------------------
--------------------------------------
--- Note --- for gif bitmaps of pictures, use the `gif' command line option. (Character bitmaps are controled only by `g' records of tex4ht.env and `-g' switches of tex4ht.c) 
--------------------------------------
--------------------------------------
--- Note --- for content and toc in 2 frames, use the command line option `frames'
--------------------------------------
--------------------------------------
--- Note --- for content, toc, and footnotes in 3 frames, use the command line option `frames-fn'
--------------------------------------
--------------------------------------
--- Note --- for file extension name xht, use the command line option `xht'
--------------------------------------
TeX4ht package options: charset=utf-8,html5,html,xhtml,1,TocLink,NoFonts,-css
--------------------------------------
--- Note --- To print a timestamp, use the command line option timestamp
--------------------------------------
--------------------------------------
--- Note --- for pop ups on mouse over, use the command line option `mouseover'
--------------------------------------
--------------------------------------
--- Note --- for addressing images in a subdirectory, use the command line option `imgdir:.../'
--------------------------------------
) (/usr/share/texmf-dist/tex/generic/tex4ht/unicode.4ht
version 2020-09-18-15:30
) (/usr/share/texmf-dist/tex/generic/tex4ht/html4-math.4ht
version 2020-11-09-14:28
) (/usr/share/texmf-dist/tex/generic/tex4ht/html5.4ht
version 2020-04-13-14:20
--------------------------------------
--- Note --- To print a timestamp, use the command line option timestamp
--------------------------------------
)
\:tokwrite=\toks32
\:tokpage=\toks33
--------------------------------------
--- Note --- for back links to toc, use the command line option `sections+'
--------------------------------------
--------------------------------------
--- Note --- for linear crosslinks of pages, use the command line option `next'
--------------------------------------

\openout15 = index.4ct
\:tocout=\write4

\openout4 = index.4tc
(/usr/share/texmf-dist/tex/generic/tex4ht/latex.4ht
version 2020-10-03-14:24
LaTeX Info: Redefining \_ on input line 173.
(/usr/share/texmf-dist/tex/latex/base/fontenc.sty
Package: fontenc 2020/08/10 v2.0s Standard LaTeX package
LaTeX Font Info:    Trying to load font information for OT1+lmr on input line 112.
(/usr/share/texmf-dist/tex/latex/lm/ot1lmr.fd
File: ot1lmr.fd 2009/10/30 v1.6 Font defs for Latin Modern
)) (/usr/share/texmf-dist/tex/generic/kastrup/binhex.tex) (/usr/share/texmf-dist/tex/latex/base/tuenc.def
File: tuenc.def 2020/08/10 v2.0s Standard LaTeX file
\@remove@tlig@@@@=\luafunction11
LaTeX Font Info:    Redeclaring font encoding TU on input line 106.
) (/usr/share/texmf-dist/tex/generic/tex4ht/tuenc-luatex.4ht
version 2018-08-30-15:28
(/usr/share/texmf-dist/tex/luatex/luatexbase/luatexbase.sty
Package: luatexbase 2015/10/04 v1.3 luatexbase interface to LuaTeX 
(/usr/share/texmf-dist/tex/luatex/ctablestack/ctablestack.sty
Package: ctablestack 2015/10/01 v1.0 Catcode table stable support
\@catcodetablestackcnt=\count293
)
\CatcodeTableOther=\catcodetable12
\CatcodeTableExpl=\catcodetable13
) (/usr/share/texmf-dist/tex/lualatex/luacode/luacode.sty
Package: luacode 2012/01/23 v1.2a lua-in-tex helpers (mpg)
(/usr/share/texmf-dist/tex/generic/iftex/ifluatex.sty
Package: ifluatex 2019/10/25 v1.5 ifluatex legacy package. Use iftex instead.
)
\luacode@lines=\toks34
\luacode@table@soft=\catcodetable14
)
Inserting `Char to entity' at position 2 in `pre_linebreak_filter'.
Inserting `hpack-char-to-entity' at position 2 in `hpack_filter'.
Inserting `hpack-char-to-entity' at position 1 in `vpack_filter'. (/usr/share/texmf-dist/tex/generic/tex4ht/html4.4ht
version 2020-11-27-15:09
) (/usr/share/texmf-dist/tex/generic/tex4ht/unicode.4ht
version 2020-09-18-15:30
) (/usr/share/texmf-dist/tex/generic/tex4ht/html4-math.4ht
version 2020-11-09-14:28
) (/usr/share/texmf-dist/tex/generic/tex4ht/html5.4ht
version 2020-04-13-14:20
))
LaTeX Info: Redefining \, on input line 787.
LaTeX Info: Redefining \; on input line 788.
LaTeX Info: Redefining \! on input line 789.
LaTeX Info: Redefining \: on input line 790.
LaTeX Info: Redefining \> on input line 791.
--------------------------------------
--- Note --- for links into captions, instead of float heads, use the command line option `refcaption'
--------------------------------------
(/usr/share/texmf-dist/tex/generic/tex4ht/html4.4ht
version 2020-11-27-15:09
) (/usr/share/texmf-dist/tex/generic/tex4ht/unicode.4ht
version 2020-09-18-15:30
) (/usr/share/texmf-dist/tex/generic/tex4ht/html4-math.4ht
version 2020-11-09-14:28
) (/usr/share/texmf-dist/tex/generic/tex4ht/html5.4ht
version 2020-04-13-14:20
) (/usr/share/texmf-dist/tex/generic/tex4ht/html4.4ht
version 2020-11-27-15:09
--------------------------------------
--- Note --- For mini tocs immediately aftter the header use the command line option `minitoc<'
--------------------------------------
--------------------------------------
--- Note --- for enumerated list elements with valued data, use the command line option `enumerate+'
--------------------------------------
--------------------------------------
--- Note --- for enumerated list elements li's with value attributes, use the command line option `enumerate-'
--------------------------------------
--------------------------------------
--- Note --- for CSS2 code, use the command line option `css2'
--------------------------------------
--------------------------------------
--- Note --- for pictorial tabular, use the command line option `pic-tabular'
--------------------------------------
--------------------------------------
--- Note --- for bitmap fbox'es, use the command line option `pic-fbox'
--------------------------------------
--------------------------------------
--- Note --- for bitmap framebox'es, use the command line option `pic-framebox'
--------------------------------------
--------------------------------------
--- Note --- for inline footnotes use command line option `fn-in'
--------------------------------------
--------------------------------------
--- Note --- for tracing of latex font commands, use the command line option `fonts'
--------------------------------------
--------------------------------------
--- Note --- for width specifications of tabular p entries, use the `p-width' command line option or a configuration similar to \Configure{HColWidth}{\HCode{ style="width:\HColWidth"}}
--------------------------------------
) (/usr/share/texmf-dist/tex/generic/tex4ht/unicode.4ht
version 2020-09-18-15:30
) (/usr/share/texmf-dist/tex/generic/tex4ht/html4-math.4ht
version 2020-11-09-14:28
--------------------------------------
--- Note --- for pictorial eqnarray, use the command line option `pic-eqnarray'
--------------------------------------
--------------------------------------
--- Note --- for pictorial array, use the command line option `pic-array'
--------------------------------------
--------------------------------------
--- Note --- for pictorial $...$ environments, use the command line option `pic-m' (not recommended!!)
--------------------------------------
--------------------------------------
--- Note --- for pictorial $...$ and $$...$$ environments with latex alt, use the command line option `pic-m+' (not safe!!)
--------------------------------------
--------------------------------------
--- Note --- for pictorial array, use the command line option `pic-array'
--------------------------------------
) (/usr/share/texmf-dist/tex/generic/tex4ht/html5.4ht
version 2020-04-13-14:20
)) (/usr/share/texmf-dist/tex/generic/tex4ht/fontmath.4ht
version 2018-11-06-15:55
(/usr/share/texmf-dist/tex/generic/tex4ht/html4.4ht
version 2020-11-27-15:09
) (/usr/share/texmf-dist/tex/generic/tex4ht/unicode.4ht
version 2020-09-18-15:30
) (/usr/share/texmf-dist/tex/generic/tex4ht/html4-math.4ht
version 2020-11-09-14:28
) (/usr/share/texmf-dist/tex/generic/tex4ht/html5.4ht
version 2020-04-13-14:20
)) (/usr/share/texmf-dist/tex/generic/tex4ht/article.4ht (/usr/share/texmf-dist/tex/generic/tex4ht/html4.4ht
version 2020-11-27-15:09
--------------------------------------
--- Note --- for tocs without * entries, use command line option `notoc*'
--------------------------------------
--------------------------------------
--- Note --- for frames-like object-based table of contents, use the command line option `obj-toc'
--------------------------------------
--------------------------------------
--- Note --- for files named derived from section titles, use the command line option `sec-filename'
--------------------------------------
--------------------------------------
--- Note --- to eliminate mini tables of contents, use the command line option `nominitoc'
--------------------------------------
--------------------------------------
--- Note --- for tocs without * entries, use command line option `notoc*'
--------------------------------------
--------------------------------------
--- Note --- for i-columns index, use the command line option `index=i' (e.g., index=2)
--------------------------------------
) (/usr/share/texmf-dist/tex/generic/tex4ht/unicode.4ht
version 2020-09-18-15:30
) (/usr/share/texmf-dist/tex/generic/tex4ht/html4-math.4ht
version 2020-11-09-14:28
) (/usr/share/texmf-dist/tex/generic/tex4ht/html5.4ht
version 2020-04-13-14:20
)) (/usr/share/texmf-dist/tex/generic/tex4ht/geometry.4ht
version 2016-07-01-08:55
(/usr/share/texmf-dist/tex/generic/tex4ht/html4.4ht
version 2020-11-27-15:09
) (/usr/share/texmf-dist/tex/generic/tex4ht/unicode.4ht
version 2020-09-18-15:30
) (/usr/share/texmf-dist/tex/generic/tex4ht/html4-math.4ht
version 2020-11-09-14:28
) (/usr/share/texmf-dist/tex/generic/tex4ht/html5.4ht
version 2020-04-13-14:20
)) (/usr/share/texmf-dist/tex/generic/tex4ht/tabularx.4ht
version 2009-05-21-09:32
(/usr/share/texmf-dist/tex/generic/tex4ht/html4.4ht
version 2020-11-27-15:09
) (/usr/share/texmf-dist/tex/generic/tex4ht/unicode.4ht
version 2020-09-18-15:30
) (/usr/share/texmf-dist/tex/generic/tex4ht/html4-math.4ht
version 2020-11-09-14:28
) (/usr/share/texmf-dist/tex/generic/tex4ht/html5.4ht
version 2020-04-13-14:20
)) (/usr/share/texmf-dist/tex/generic/tex4ht/array.4ht
version 2009-05-21-09:32
(/usr/share/texmf-dist/tex/generic/tex4ht/html4.4ht
version 2020-11-27-15:09
) (/usr/share/texmf-dist/tex/generic/tex4ht/unicode.4ht
version 2020-09-18-15:30
) (/usr/share/texmf-dist/tex/generic/tex4ht/html4-math.4ht
version 2020-11-09-14:28
--------------------------------------
--- Note --- for pictorial array, use the command line option `pic-array'
--------------------------------------
) (/usr/share/texmf-dist/tex/generic/tex4ht/html5.4ht
version 2020-04-13-14:20
)) (/usr/share/texmf-dist/tex/generic/tex4ht/multirow.4ht (/usr/share/texmf-dist/tex/generic/tex4ht/html4.4ht
version 2020-11-27-15:09
) (/usr/share/texmf-dist/tex/generic/tex4ht/unicode.4ht
version 2020-09-18-15:30
) (/usr/share/texmf-dist/tex/generic/tex4ht/html4-math.4ht
version 2020-11-09-14:28
) (/usr/share/texmf-dist/tex/generic/tex4ht/html5.4ht
version 2020-04-13-14:20
)) (/usr/share/texmf-dist/tex/generic/tex4ht/longtable.4ht
\LT:box=\box60
\LT:ebox=\box61
\tmp:bx=\box62
(/usr/share/texmf-dist/tex/generic/tex4ht/html4.4ht
version 2020-11-27-15:09
--------------------------------------
--- Note --- for pictorial longtable, use the command line option `pic-longtable'
--------------------------------------
) (/usr/share/texmf-dist/tex/generic/tex4ht/unicode.4ht
version 2020-09-18-15:30
) (/usr/share/texmf-dist/tex/generic/tex4ht/html4-math.4ht
version 2020-11-09-14:28
) (/usr/share/texmf-dist/tex/generic/tex4ht/html5.4ht
version 2020-04-13-14:20
)) (/usr/share/texmf-dist/tex/generic/tex4ht/booktabs.4ht
version 2009-05-21-09:32
(/usr/share/texmf-dist/tex/generic/tex4ht/html4.4ht
version 2020-11-27-15:09
) (/usr/share/texmf-dist/tex/generic/tex4ht/unicode.4ht
version 2020-09-18-15:30
) (/usr/share/texmf-dist/tex/generic/tex4ht/html4-math.4ht
version 2020-11-09-14:28
) (/usr/share/texmf-dist/tex/generic/tex4ht/html5.4ht
version 2020-04-13-14:20
)) (/usr/share/texmf-dist/tex/generic/tex4ht/soul.4ht
version 2009-05-21-09:32
(/usr/share/texmf-dist/tex/generic/tex4ht/html4.4ht
version 2020-11-27-15:09
) (/usr/share/texmf-dist/tex/generic/tex4ht/unicode.4ht
version 2020-09-18-15:30
) (/usr/share/texmf-dist/tex/generic/tex4ht/html4-math.4ht
version 2020-11-09-14:28
) (/usr/share/texmf-dist/tex/generic/tex4ht/html5.4ht
version 2020-04-13-14:20
)) (/usr/share/texmf-dist/tex/generic/tex4ht/fontspec.4ht (/usr/share/texmf-dist/tex/generic/tex4ht/html4.4ht
version 2020-11-27-15:09
) (/usr/share/texmf-dist/tex/generic/tex4ht/unicode.4ht
version 2020-09-18-15:30
) (/usr/share/texmf-dist/tex/generic/tex4ht/html4-math.4ht
version 2020-11-09-14:28
) (/usr/share/texmf-dist/tex/generic/tex4ht/html5.4ht
version 2020-04-13-14:20
)) (/usr/share/texmf-dist/tex/generic/tex4ht/fontspec-luatex.4ht
version 2017-01-24-15:21
(/usr/share/texmf-dist/tex/generic/tex4ht/html4.4ht
version 2020-11-27-15:09
) (/usr/share/texmf-dist/tex/generic/tex4ht/unicode.4ht
version 2020-09-18-15:30
) (/usr/share/texmf-dist/tex/generic/tex4ht/html4-math.4ht
version 2020-11-09-14:28
) (/usr/share/texmf-dist/tex/generic/tex4ht/html5.4ht
version 2020-04-13-14:20
)) (/usr/share/texmf-dist/tex/generic/tex4ht/pifont.4ht
version 2009-05-21-09:32
(/usr/share/texmf-dist/tex/generic/tex4ht/html4.4ht
version 2020-11-27-15:09
) (/usr/share/texmf-dist/tex/generic/tex4ht/unicode.4ht
version 2020-09-18-15:30
) (/usr/share/texmf-dist/tex/generic/tex4ht/html4-math.4ht
version 2020-11-09-14:28
) (/usr/share/texmf-dist/tex/generic/tex4ht/html5.4ht
version 2020-04-13-14:20
)) (/usr/share/texmf-dist/tex/generic/tex4ht/ifthen.4ht
version 2009-05-21-09:32
(/usr/share/texmf-dist/tex/generic/tex4ht/html4.4ht
version 2020-11-27-15:09
) (/usr/share/texmf-dist/tex/generic/tex4ht/unicode.4ht
version 2020-09-18-15:30
) (/usr/share/texmf-dist/tex/generic/tex4ht/html4-math.4ht
version 2020-11-09-14:28
) (/usr/share/texmf-dist/tex/generic/tex4ht/html5.4ht
version 2020-04-13-14:20
)) (/usr/share/texmf-dist/tex/generic/tex4ht/inputenc.4ht
version 2009-05-21-09:32
(/usr/share/texmf-dist/tex/generic/tex4ht/html4.4ht
version 2020-11-27-15:09
) (/usr/share/texmf-dist/tex/generic/tex4ht/unicode.4ht
version 2020-09-18-15:30
) (/usr/share/texmf-dist/tex/generic/tex4ht/html4-math.4ht
version 2020-11-09-14:28
) (/usr/share/texmf-dist/tex/generic/tex4ht/html5.4ht
version 2020-04-13-14:20
)) (/usr/share/texmf-dist/tex/generic/tex4ht/enumitem.4ht
version 2009-05-21-09:32
(/usr/share/texmf-dist/tex/generic/tex4ht/html4.4ht
version 2020-11-27-15:09
) (/usr/share/texmf-dist/tex/generic/tex4ht/unicode.4ht
version 2020-09-18-15:30
) (/usr/share/texmf-dist/tex/generic/tex4ht/html4-math.4ht
version 2020-11-09-14:28
) (/usr/share/texmf-dist/tex/generic/tex4ht/html5.4ht
version 2020-04-13-14:20
)) (/usr/share/texmf-dist/tex/generic/tex4ht/graphicx.4ht
version 2018-10-01-14:24
(/usr/share/texmf-dist/tex/generic/tex4ht/html4.4ht
version 2020-11-27-15:09
) (/usr/share/texmf-dist/tex/generic/tex4ht/unicode.4ht
version 2020-09-18-15:30
) (/usr/share/texmf-dist/tex/generic/tex4ht/html4-math.4ht
version 2020-11-09-14:28
) (/usr/share/texmf-dist/tex/generic/tex4ht/html5.4ht
version 2020-04-13-14:20
)) (/usr/share/texmf-dist/tex/generic/tex4ht/graphics.4ht (/usr/share/texmf-dist/tex/generic/tex4ht/html4.4ht
version 2020-11-27-15:09
--------------------------------------
--- Note --- if included graphics are of degraded quality, try the command line options `graphics-num' or `graphics-'. The `num' should provide the density of pixels in the bitmaps (e.g., 110). 
--------------------------------------
--------------------------------------
--- Note --- for key dimensions try the option `Gin-dim'; for key dimensions when bounding box is unavailable try `Gin-dim+'; neither is recommended
--------------------------------------
) (/usr/share/texmf-dist/tex/generic/tex4ht/unicode.4ht
version 2020-09-18-15:30
) (/usr/share/texmf-dist/tex/generic/tex4ht/html4-math.4ht
version 2020-11-09-14:28
) (/usr/share/texmf-dist/tex/generic/tex4ht/html5.4ht
version 2020-04-13-14:20
)) (/usr/share/texmf-dist/tex/generic/tex4ht/dvips.4ht
version 2009-05-21-09:32
(/usr/share/texmf-dist/tex/generic/tex4ht/html4.4ht
version 2020-11-27-15:09
) (/usr/share/texmf-dist/tex/generic/tex4ht/unicode.4ht
version 2020-09-18-15:30
) (/usr/share/texmf-dist/tex/generic/tex4ht/html4-math.4ht
version 2020-11-09-14:28
) (/usr/share/texmf-dist/tex/generic/tex4ht/html5.4ht
version 2020-04-13-14:20
)) (/usr/share/texmf-dist/tex/generic/tex4ht/xcolor.4ht
version 2019-04-09-10:06
(/usr/share/texmf-dist/tex/generic/tex4ht/color.4ht (/usr/share/texmf-dist/tex/generic/tex4ht/html4.4ht
version 2020-11-27-15:09
) (/usr/share/texmf-dist/tex/generic/tex4ht/unicode.4ht
version 2020-09-18-15:30
) (/usr/share/texmf-dist/tex/generic/tex4ht/html4-math.4ht
version 2020-11-09-14:28
) (/usr/share/texmf-dist/tex/generic/tex4ht/html5.4ht
version 2020-04-13-14:20
)) (/usr/share/texmf-dist/tex/generic/tex4ht/html4.4ht
version 2020-11-27-15:09
) (/usr/share/texmf-dist/tex/generic/tex4ht/unicode.4ht
version 2020-09-18-15:30
) (/usr/share/texmf-dist/tex/generic/tex4ht/html4-math.4ht
version 2020-11-09-14:28
) (/usr/share/texmf-dist/tex/generic/tex4ht/html5.4ht
version 2020-04-13-14:20
)) (/usr/share/texmf-dist/tex/generic/tex4ht/color.4ht) (/usr/share/texmf-dist/tex/generic/tex4ht/url.4ht
version 2009-05-21-09:32
(/usr/share/texmf-dist/tex/generic/tex4ht/html4.4ht
version 2020-11-27-15:09
--------------------------------------
--- Note --- for URL encoding within href use the command line option `url-enc'
--------------------------------------
) (/usr/share/texmf-dist/tex/generic/tex4ht/unicode.4ht
version 2020-09-18-15:30
) (/usr/share/texmf-dist/tex/generic/tex4ht/html4-math.4ht
version 2020-11-09-14:28
) (/usr/share/texmf-dist/tex/generic/tex4ht/html5.4ht
version 2020-04-13-14:20
)) (/usr/share/texmf-dist/tex/generic/tex4ht/hyperref.4ht
version 2019-09-14-15:17
(/usr/share/texmf-dist/tex/latex/hyperref/nameref.sty
Package: nameref 2019/09/16 v2.46 Cross-referencing by name of section
(/usr/share/texmf-dist/tex/latex/refcount/refcount.sty
Package: refcount 2019/12/15 v3.6 Data extraction from label references (HO)
) (/usr/share/texmf-dist/tex/generic/gettitlestring/gettitlestring.sty
Package: gettitlestring 2019/12/15 v1.6 Cleanup title references (HO)
)
\c@section@level=\count294
) (/usr/share/texmf-dist/tex/generic/tex4ht/nameref.4ht
version 2019-12-23-13:36
(/usr/share/texmf-dist/tex/generic/tex4ht/html4.4ht
version 2020-11-27-15:09
) (/usr/share/texmf-dist/tex/generic/tex4ht/unicode.4ht
version 2020-09-18-15:30
) (/usr/share/texmf-dist/tex/generic/tex4ht/html4-math.4ht
version 2020-11-09-14:28
) (/usr/share/texmf-dist/tex/generic/tex4ht/html5.4ht
version 2020-04-13-14:20
))
LaTeX Info: Redefining \autoref on input line 95.
\Hy@SectionHShift=\skip63
(/usr/share/texmf-dist/tex/generic/tex4ht/html4.4ht
version 2020-11-27-15:09
) (/usr/share/texmf-dist/tex/generic/tex4ht/unicode.4ht
version 2020-09-18-15:30
) (/usr/share/texmf-dist/tex/generic/tex4ht/html4-math.4ht
version 2020-11-09-14:28
) (/usr/share/texmf-dist/tex/generic/tex4ht/html5.4ht
version 2020-04-13-14:20
)) (/usr/share/texmf-dist/tex/generic/tex4ht/pd1enc.4ht
version 2009-05-21-09:32
(/usr/share/texmf-dist/tex/generic/tex4ht/html4.4ht
version 2020-11-27-15:09
) (/usr/share/texmf-dist/tex/generic/tex4ht/unicode.4ht
version 2020-09-18-15:30
) (/usr/share/texmf-dist/tex/generic/tex4ht/html4-math.4ht
version 2020-11-09-14:28
) (/usr/share/texmf-dist/tex/generic/tex4ht/html5.4ht
version 2020-04-13-14:20
)) (/usr/share/texmf-dist/tex/generic/tex4ht/ulem.4ht
version 2009-05-21-09:32
(/usr/share/texmf-dist/tex/generic/tex4ht/html4.4ht
version 2020-11-27-15:09
) (/usr/share/texmf-dist/tex/generic/tex4ht/unicode.4ht
version 2020-09-18-15:30
) (/usr/share/texmf-dist/tex/generic/tex4ht/html4-math.4ht
version 2020-11-09-14:28
) (/usr/share/texmf-dist/tex/generic/tex4ht/html5.4ht
version 2020-04-13-14:20
)) (/usr/share/texmf-dist/tex/generic/tex4ht/html4.4ht
version 2020-11-27-15:09
) (/usr/share/texmf-dist/tex/generic/tex4ht/unicode.4ht
version 2020-09-18-15:30
) (/usr/share/texmf-dist/tex/generic/tex4ht/html4-math.4ht
version 2020-11-09-14:28
) (/usr/share/texmf-dist/tex/generic/tex4ht/html5.4ht
version 2020-04-13-14:20
))

LaTeX Warning: Unused global option(s):
    [letter].

(./index.aux)
\openout1 = index.aux

LaTeX Font Info:    Checking defaults for OML/cmm/m/it on input line 65.
LaTeX Font Info:    ... okay on input line 65.
LaTeX Font Info:    Checking defaults for OMS/cmsy/m/n on input line 65.
LaTeX Font Info:    ... okay on input line 65.
LaTeX Font Info:    Checking defaults for OT1/cmr/m/n on input line 65.
LaTeX Font Info:    ... okay on input line 65.
LaTeX Font Info:    Checking defaults for T1/cmr/m/n on input line 65.
LaTeX Font Info:    ... okay on input line 65.
LaTeX Font Info:    Checking defaults for TS1/cmr/m/n on input line 65.
LaTeX Font Info:    Trying to load font information for TS1+cmr on input line 65.
(/usr/share/texmf-dist/tex/latex/base/ts1cmr.fd
File: ts1cmr.fd 2019/12/16 v2.5j Standard LaTeX font definitions
)
LaTeX Font Info:    ... okay on input line 65.
LaTeX Font Info:    Checking defaults for TU/lmr/m/n on input line 65.
LaTeX Font Info:    ... okay on input line 65.
LaTeX Font Info:    Checking defaults for OMX/cmex/m/n on input line 65.
LaTeX Font Info:    ... okay on input line 65.
LaTeX Font Info:    Checking defaults for U/cmr/m/n on input line 65.
LaTeX Font Info:    ... okay on input line 65.
LaTeX Font Info:    Checking defaults for PD1/pdf/m/n on input line 65.
LaTeX Font Info:    ... okay on input line 65.
*geometry* driver: auto-detecting
*geometry* detected driver: dvips
*geometry* verbose mode - [ preamble ] result:
* driver: dvips
* paper: <default>
* layout: <same size as paper>
* layoutoffset:(h,v)=(0.0pt,0.0pt)
* modes: 
* h-part:(L,W,R)=(72.26999pt, 469.75502pt, 72.26999pt)
* v-part:(T,H,B)=(72.26999pt, 650.43001pt, 72.26999pt)
* \paperwidth=614.295pt
* \paperheight=794.96999pt
* \textwidth=469.75502pt
* \textheight=650.43001pt
* \oddsidemargin=0.0pt
* \evensidemargin=0.0pt
* \topmargin=-37.0pt
* \headheight=12.0pt
* \headsep=25.0pt
* \topskip=10.0pt
* \footskip=30.0pt
* \marginparwidth=65.0pt
* \marginparsep=11.0pt
* \columnsep=10.0pt
* \skip\footins=9.0pt plus 4.0pt minus 2.0pt
* \hoffset=0.0pt
* \voffset=0.0pt
* \mag=1000
* \@twocolumnfalse
* \@twosidefalse
* \@mparswitchfalse
* \@reversemarginfalse
* (1in=72.27pt=25.4mm, 1cm=28.453pt)

Package hyperref Info: Link coloring ON on input line 65.
LaTeX Info: Redefining \ref on input line 65.
LaTeX Info: Redefining \pageref on input line 65.
LaTeX Info: Redefining \nameref on input line 65.
) (./index.4ct)
LaTeX Font Info:    Trying to load font information for T1+lmtt on input line 7.
(/usr/share/texmf-dist/tex/latex/lm/t1lmtt.fd
File: t1lmtt.fd 2009/10/30 v1.6 Font defs for Latin Modern
) (./sections/intro.tex [1

]
LaTeX Font Info:    Font shape `T1/lmtt/bx/n' in size <9> not available
(Font)              Font shape `T1/lmtt/b/n' tried instead on input line 30.
[2] [3] [4] [5] [6]) [7] (./sections/projects.tex [8

]
! Illegal parameter number in definition of \:attr.
<to be read again> 
/
l.37 ...dia/File:Filmaspectratios.svg}{Aspect ratio}
                                                   can be selected by you. R...
You meant to type ## instead of #, right?
Or maybe a } was forgotten somewhere earlier, and things
are all screwed up? I'm going to assume that you meant ##.

! Illegal parameter number in definition of \:te:mpa.
<to be read again> 
/
l.37 ...dia/File:Filmaspectratios.svg}{Aspect ratio}
                                                   can be selected by you. R...
You meant to type ## instead of #, right?
Or maybe a } was forgotten somewhere earlier, and things
are all screwed up? I'm going to assume that you meant ##.

! Illegal parameter number in definition of \:te:mpa.
<to be read again> 
/
l.37 ...dia/File:Filmaspectratios.svg}{Aspect ratio}
                                                   can be selected by you. R...
You meant to type ## instead of #, right?
Or maybe a } was forgotten somewhere earlier, and things
are all screwed up? I'm going to assume that you meant ##.

[9]) [10] (./sections/calendar.tex (./sections/weeks/week1.tex) (./sections/weeks/week2.tex) (./sections/weeks/week3.tex) (./sections/weeks/week4.tex) (./sections/weeks/week5.tex) (./sections/weeks/week6.tex) (./sections/weeks/week7.tex) (./sections/weeks/week8.tex) (./sections/weeks/week9.tex) (./sections/weeks/week10.tex) (./sections/weeks/week11.tex) (./sections/weeks/week12.tex) (./sections/weeks/week13.tex) (./sections/weeks/week14.tex) (./sections/weeks/week15.tex) (./sections/weeks/week16.tex) [11

] [12]) [13] (./sections/outro.tex [14

] [15] [16] [17] [18] [19] [20]) [21] (./sections/resource.tex [22

] [23] [24])
\BKM@file=\write5

\openout5 = index.out.ps
[25] (./index.aux))

Here is how much of LuaTeX's memory you used:
 17184 strings out of 478898
 477244,953878 words of node,token memory allocated
 485 words of node memory still in use:
   4 hlist, 1 vlist, 1 rule, 2 glue, 3 kern, 2 glyph, 6 attribute, 59 glue_spec, 6 attribute_list, 1 write nodes
   avail lists: 2:4248,3:7248,4:43,5:2436,6:521,7:44679,8:8,9:4255,10:38,11:2718
 33953 multiletter control sequences out of 65536+600000
 61 fonts using 5534359 bytes
 98i,9n,121p,1879b,980s stack positions out of 5000i,500n,10000p,200000b,100000s
Output written on index.dvi (25 pages, 181736 bytes).
